<?xml version="1.0" encoding="UTF-8"?>
<testng-results ignored="12" total="27" passed="13" failed="2" skipped="0">
  <reporter-output>
    <line>
      <![CDATA[==========Starboard Application closed==========]]>
    </line>
  </reporter-output>
  <suite started-at="2024-02-02T16:18:14 IST" name="StarboardSuite" finished-at="2024-02-02T16:29:22 IST" duration-ms="668145">
    <groups>
    </groups>
    <test started-at="2024-02-02T16:18:14 IST" name="Starboard_test_cases" finished-at="2024-02-02T16:29:22 IST" duration-ms="668145">
      <class name="general.Setting_Preference">
        <test-method signature="Preference()[pri:1, instance:general.Setting_Preference@29f0802c]" started-at="2024-02-02T16:22:06 IST" name="Preference" finished-at="2024-02-02T16:22:31 IST" duration-ms="25029" status="PASS">
          <reporter-output>
          </reporter-output>
        </test-method> <!-- Preference -->
        <test-method signature="Update_mydetails()[pri:2, instance:general.Setting_Preference@29f0802c]" started-at="2024-02-02T16:22:31 IST" name="Update_mydetails" finished-at="2024-02-02T16:23:02 IST" duration-ms="31789" status="PASS">
          <reporter-output>
          </reporter-output>
        </test-method> <!-- Update_mydetails -->
      </class> <!-- general.Setting_Preference -->
      <class name="general.Login_Magic_link">
        <test-method is-config="true" signature="LoginTOApplication()[pri:0, instance:general.Login_Magic_link@213deac2]" started-at="2024-02-02T16:17:26 IST" name="LoginTOApplication" finished-at="2024-02-02T16:18:14 IST" duration-ms="48581" status="PASS">
          <reporter-output>
          </reporter-output>
        </test-method> <!-- LoginTOApplication -->
        <test-method is-config="true" signature="TearDown()[pri:0, instance:general.Login_Magic_link@213deac2]" started-at="2024-02-02T16:29:22 IST" name="TearDown" finished-at="2024-02-02T16:29:24 IST" duration-ms="1071" status="PASS">
          <reporter-output>
            <line>
              <![CDATA[==========Starboard Application closed==========]]>
            </line>
          </reporter-output>
        </test-method> <!-- TearDown -->
      </class> <!-- general.Login_Magic_link -->
      <class name="general.Linking_Transactions">
        <test-method signature="Link_Invoice()[pri:1, instance:general.Linking_Transactions@2160e52a]" started-at="2024-02-02T16:19:46 IST" name="Link_Invoice" finished-at="2024-02-02T16:20:43 IST" duration-ms="56746" status="FAIL">
          <exception class="java.lang.AssertionError">
            <message>
              <![CDATA[Expected condition failed: waiting for visibility of element located by By.xpath: //XCUIElementTypeButton[@name="Save"] (tried for 30 second(s) with 500 milliseconds interval)]]>
            </message>
            <full-stacktrace>
              <![CDATA[java.lang.AssertionError: Expected condition failed: waiting for visibility of element located by By.xpath: //XCUIElementTypeButton[@name="Save"] (tried for 30 second(s) with 500 milliseconds interval)
at org.testng.Assert.fail(Assert.java:110)
at general.Linking_Transactions.Link_Invoice(Linking_Transactions.java:79)
at java.base/jdk.internal.reflect.DirectMethodHandleAccessor.invoke(DirectMethodHandleAccessor.java:103)
at java.base/java.lang.reflect.Method.invoke(Method.java:580)
at org.testng.internal.invokers.MethodInvocationHelper.invokeMethod(MethodInvocationHelper.java:135)
at org.testng.internal.invokers.TestInvoker.invokeMethod(TestInvoker.java:673)
at org.testng.internal.invokers.TestInvoker.invokeTestMethod(TestInvoker.java:220)
at org.testng.internal.invokers.MethodRunner.runInSequence(MethodRunner.java:50)
at org.testng.internal.invokers.TestInvoker$MethodInvocationAgent.invoke(TestInvoker.java:945)
at org.testng.internal.invokers.TestInvoker.invokeTestMethods(TestInvoker.java:193)
at org.testng.internal.invokers.TestMethodWorker.invokeTestMethods(TestMethodWorker.java:146)
at org.testng.internal.invokers.TestMethodWorker.run(TestMethodWorker.java:128)
at java.base/java.util.ArrayList.forEach(ArrayList.java:1596)
at org.testng.TestRunner.privateRun(TestRunner.java:808)
at org.testng.TestRunner.run(TestRunner.java:603)
at org.testng.SuiteRunner.runTest(SuiteRunner.java:429)
at org.testng.SuiteRunner.runSequentially(SuiteRunner.java:423)
at org.testng.SuiteRunner.privateRun(SuiteRunner.java:383)
at org.testng.SuiteRunner.run(SuiteRunner.java:326)
at org.testng.SuiteRunnerWorker.runSuite(SuiteRunnerWorker.java:52)
at org.testng.SuiteRunnerWorker.run(SuiteRunnerWorker.java:95)
at org.testng.TestNG.runSuitesSequentially(TestNG.java:1249)
at org.testng.TestNG.runSuitesLocally(TestNG.java:1169)
at org.testng.TestNG.runSuites(TestNG.java:1092)
at org.testng.TestNG.run(TestNG.java:1060)
at org.apache.maven.surefire.testng.TestNGExecutor.run(TestNGExecutor.java:284)
at org.apache.maven.surefire.testng.TestNGXmlTestSuite.execute(TestNGXmlTestSuite.java:75)
at org.apache.maven.surefire.testng.TestNGProvider.invoke(TestNGProvider.java:119)
at org.apache.maven.surefire.booter.ForkedBooter.runSuitesInProcess(ForkedBooter.java:428)
at org.apache.maven.surefire.booter.ForkedBooter.execute(ForkedBooter.java:162)
at org.apache.maven.surefire.booter.ForkedBooter.run(ForkedBooter.java:562)
at org.apache.maven.surefire.booter.ForkedBooter.main(ForkedBooter.java:548)
]]>
            </full-stacktrace>
          </exception> <!-- java.lang.AssertionError -->
          <reporter-output>
          </reporter-output>
        </test-method> <!-- Link_Invoice -->
        <test-method signature="Link_Expense_Categories()[pri:2, instance:general.Linking_Transactions@2160e52a]" started-at="2024-02-02T16:20:43 IST" name="Link_Expense_Categories" finished-at="2024-02-02T16:21:20 IST" duration-ms="37639" status="PASS">
          <reporter-output>
          </reporter-output>
        </test-method> <!-- Link_Expense_Categories -->
        <test-method signature="Notes_Add()[pri:3, instance:general.Linking_Transactions@2160e52a]" started-at="2024-02-02T16:21:20 IST" name="Notes_Add" finished-at="2024-02-02T16:22:06 IST" duration-ms="45350" status="PASS">
          <reporter-output>
          </reporter-output>
        </test-method> <!-- Notes_Add -->
      </class> <!-- general.Linking_Transactions -->
      <class name="general.Add_Location">
        <test-method signature="Update_location()[pri:1, instance:general.Add_Location@5a101b1c]" started-at="2024-02-02T16:19:06 IST" name="Update_location" finished-at="2024-02-02T16:19:46 IST" duration-ms="39958" status="PASS">
          <reporter-output>
          </reporter-output>
        </test-method> <!-- Update_location -->
      </class> <!-- general.Add_Location -->
      <class name="general.Setting_Yacht">
        <test-method signature="Sync_data()[pri:1, instance:general.Setting_Yacht@3a60c416]" started-at="2024-02-02T16:23:02 IST" name="Sync_data" finished-at="2024-02-02T16:23:23 IST" duration-ms="21022" status="PASS">
          <reporter-output>
          </reporter-output>
        </test-method> <!-- Sync_data -->
      </class> <!-- general.Setting_Yacht -->
      <class name="general.More_Module">
        <test-method signature="Supplier()[pri:1, instance:general.More_Module@60f2e0bd]" started-at="2024-02-02T16:23:23 IST" name="Supplier" finished-at="2024-02-02T16:24:22 IST" duration-ms="58582" status="PASS">
          <reporter-output>
          </reporter-output>
        </test-method> <!-- Supplier -->
        <test-method signature="Purchase_Orders()[pri:2, instance:general.More_Module@60f2e0bd]" started-at="2024-02-02T16:24:22 IST" name="Purchase_Orders" finished-at="2024-02-02T16:24:59 IST" duration-ms="36616" status="PASS">
          <reporter-output>
          </reporter-output>
        </test-method> <!-- Purchase_Orders -->
        <test-method signature="Invoices()[pri:3, instance:general.More_Module@60f2e0bd]" started-at="2024-02-02T16:24:59 IST" name="Invoices" finished-at="2024-02-02T16:25:37 IST" duration-ms="38668" status="PASS">
          <reporter-output>
          </reporter-output>
        </test-method> <!-- Invoices -->
        <test-method signature="Quotes()[pri:4, instance:general.More_Module@60f2e0bd]" started-at="2024-02-02T16:25:37 IST" name="Quotes" finished-at="2024-02-02T16:26:16 IST" duration-ms="38826" status="PASS">
          <reporter-output>
          </reporter-output>
        </test-method> <!-- Quotes -->
        <test-method signature="Projects()[pri:5, instance:general.More_Module@60f2e0bd]" started-at="2024-02-02T16:26:16 IST" name="Projects" finished-at="2024-02-02T16:27:19 IST" duration-ms="62649" status="FAIL">
          <exception class="java.lang.AssertionError">
            <message>
              <![CDATA[An element could not be located on the page using the given search parameters.
For documentation on this error, please visit: https://www.seleniumhq.org/exceptions/no_such_element.html
Build info: version: '3.141.59', revision: 'e82be7d358', time: '2018-11-14T08:17:03'
System info: host: 'Apples-MBP-2', ip: 'fe80:0:0:0:40f:bbdc:f93b:a90b%en0', os.name: 'Mac OS X', os.arch: 'x86_64', os.version: '13.6.4', java.version: '21.0.1'
Driver info: io.appium.java_client.ios.IOSDriver
Capabilities {app: /Users/apple/Library/Develo..., appActivity: com.impossible-research.san..., appPackage: com.impossible-research.san..., autoAcceptAlerts: true, automationName: XCUITest, browserName: , databaseEnabled: false, deviceName: iPhone 15 Pro Max, javascriptEnabled: true, locationContextEnabled: false, networkConnectionEnabled: false, noReset: true, platform: MAC, platformName: iOS, takesScreenshot: true, udid: 2D8F97C4-F4B4-40FA-92EF-36F..., webStorageEnabled: false}
Session ID: 9077707e-99c1-4030-8cb7-8e5aa45e3c48
*** Element info: {Using=xpath, value=//XCUIElementTypeButton[@name="Save"]}]]>
            </message>
            <full-stacktrace>
              <![CDATA[java.lang.AssertionError: An element could not be located on the page using the given search parameters.
For documentation on this error, please visit: https://www.seleniumhq.org/exceptions/no_such_element.html
Build info: version: '3.141.59', revision: 'e82be7d358', time: '2018-11-14T08:17:03'
System info: host: 'Apples-MBP-2', ip: 'fe80:0:0:0:40f:bbdc:f93b:a90b%en0', os.name: 'Mac OS X', os.arch: 'x86_64', os.version: '13.6.4', java.version: '21.0.1'
Driver info: io.appium.java_client.ios.IOSDriver
Capabilities {app: /Users/apple/Library/Develo..., appActivity: com.impossible-research.san..., appPackage: com.impossible-research.san..., autoAcceptAlerts: true, automationName: XCUITest, browserName: , databaseEnabled: false, deviceName: iPhone 15 Pro Max, javascriptEnabled: true, locationContextEnabled: false, networkConnectionEnabled: false, noReset: true, platform: MAC, platformName: iOS, takesScreenshot: true, udid: 2D8F97C4-F4B4-40FA-92EF-36F..., webStorageEnabled: false}
Session ID: 9077707e-99c1-4030-8cb7-8e5aa45e3c48
*** Element info: {Using=xpath, value=//XCUIElementTypeButton[@name="Save"]}
at org.testng.Assert.fail(Assert.java:110)
at general.More_Module.Projects(More_Module.java:419)
at java.base/jdk.internal.reflect.DirectMethodHandleAccessor.invoke(DirectMethodHandleAccessor.java:103)
at java.base/java.lang.reflect.Method.invoke(Method.java:580)
at org.testng.internal.invokers.MethodInvocationHelper.invokeMethod(MethodInvocationHelper.java:135)
at org.testng.internal.invokers.TestInvoker.invokeMethod(TestInvoker.java:673)
at org.testng.internal.invokers.TestInvoker.invokeTestMethod(TestInvoker.java:220)
at org.testng.internal.invokers.MethodRunner.runInSequence(MethodRunner.java:50)
at org.testng.internal.invokers.TestInvoker$MethodInvocationAgent.invoke(TestInvoker.java:945)
at org.testng.internal.invokers.TestInvoker.invokeTestMethods(TestInvoker.java:193)
at org.testng.internal.invokers.TestMethodWorker.invokeTestMethods(TestMethodWorker.java:146)
at org.testng.internal.invokers.TestMethodWorker.run(TestMethodWorker.java:128)
at java.base/java.util.ArrayList.forEach(ArrayList.java:1596)
at org.testng.TestRunner.privateRun(TestRunner.java:808)
at org.testng.TestRunner.run(TestRunner.java:603)
at org.testng.SuiteRunner.runTest(SuiteRunner.java:429)
at org.testng.SuiteRunner.runSequentially(SuiteRunner.java:423)
at org.testng.SuiteRunner.privateRun(SuiteRunner.java:383)
at org.testng.SuiteRunner.run(SuiteRunner.java:326)
at org.testng.SuiteRunnerWorker.runSuite(SuiteRunnerWorker.java:52)
at org.testng.SuiteRunnerWorker.run(SuiteRunnerWorker.java:95)
at org.testng.TestNG.runSuitesSequentially(TestNG.java:1249)
at org.testng.TestNG.runSuitesLocally(TestNG.java:1169)
at org.testng.TestNG.runSuites(TestNG.java:1092)
at org.testng.TestNG.run(TestNG.java:1060)
at org.apache.maven.surefire.testng.TestNGExecutor.run(TestNGExecutor.java:284)
at org.apache.maven.surefire.testng.TestNGXmlTestSuite.execute(TestNGXmlTestSuite.java:75)
at org.apache.maven.surefire.testng.TestNGProvider.invoke(TestNGProvider.java:119)
at org.apache.maven.surefire.booter.ForkedBooter.runSuitesInProcess(ForkedBooter.java:428)
at org.apache.maven.surefire.booter.ForkedBooter.execute(ForkedBooter.java:162)
at org.apache.maven.surefire.booter.ForkedBooter.run(ForkedBooter.java:562)
at org.apache.maven.surefire.booter.ForkedBooter.main(ForkedBooter.java:548)
]]>
            </full-stacktrace>
          </exception> <!-- java.lang.AssertionError -->
          <reporter-output>
          </reporter-output>
        </test-method> <!-- Projects -->
        <test-method signature="Reports()[pri:6, instance:general.More_Module@60f2e0bd]" started-at="2024-02-02T16:27:19 IST" name="Reports" finished-at="2024-02-02T16:28:44 IST" duration-ms="85078" status="PASS">
          <reporter-output>
          </reporter-output>
        </test-method> <!-- Reports -->
        <test-method signature="Expense_category()[pri:7, instance:general.More_Module@60f2e0bd]" started-at="2024-02-02T16:28:44 IST" name="Expense_category" finished-at="2024-02-02T16:29:22 IST" duration-ms="38514" status="PASS">
          <reporter-output>
          </reporter-output>
        </test-method> <!-- Expense_category -->
      </class> <!-- general.More_Module -->
      <class name="general.Invite_Crew">
        <test-method signature="sent_invite()[pri:1, instance:general.Invite_Crew@389562d6]" started-at="2024-02-02T16:18:14 IST" name="sent_invite" finished-at="2024-02-02T16:19:06 IST" duration-ms="51231" status="PASS">
          <reporter-output>
          </reporter-output>
        </test-method> <!-- sent_invite -->
      </class> <!-- general.Invite_Crew -->
    </test> <!-- Starboard_test_cases -->
  </suite> <!-- StarboardSuite -->
</testng-results>
