<html>
<head>
<title>TestNG:  Starboard_test_cases</title>
<link href="../testng.css" rel="stylesheet" type="text/css" />
<link href="../my-testng.css" rel="stylesheet" type="text/css" />

<style type="text/css">
.log { display: none;} 
.stack-trace { display: none;} 
</style>
<script type="text/javascript">
<!--
function flip(e) {
  current = e.style.display;
  if (current == 'block') {
    e.style.display = 'none';
    return 0;
  }
  else {
    e.style.display = 'block';
    return 1;
  }
}

function toggleBox(szDivId, elem, msg1, msg2)
{
  var res = -1;  if (document.getElementById) {
    res = flip(document.getElementById(szDivId));
  }
  else if (document.all) {
    // this is the way old msie versions work
    res = flip(document.all[szDivId]);
  }
  if(elem) {
    if(res == 0) elem.innerHTML = msg1; else elem.innerHTML = msg2;
  }

}

function toggleAllBoxes() {
  if (document.getElementsByTagName) {
    d = document.getElementsByTagName('div');
    for (i = 0; i < d.length; i++) {
      if (d[i].className == 'log') {
        flip(d[i]);
      }
    }
  }
}

// -->
</script>

</head>
<body>
<h2 align='center'>Starboard_test_cases</h2><table border='1' align="center">
<tr>
<td>Tests passed/Failed/Skipped:</td><td>13/2/0</td>
</tr><tr>
<td>Started on:</td><td>Fri Feb 02 16:18:14 IST 2024</td>
</tr>
<tr><td>Total time:</td><td>668 seconds (668145 ms)</td>
</tr><tr>
<td>Included groups:</td><td></td>
</tr><tr>
<td>Excluded groups:</td><td></td>
</tr>
</table><p/>
<small><i>(Hover the method name to see the test class name)</i></small><p/>
<table width='100%' border='1' class='invocation-failed'>
<tr><td colspan='4' align='center'><b>FAILED TESTS</b></td></tr>
<tr><td><b>Test method</b></td>
<td width="30%"><b>Exception</b></td>
<td width="10%"><b>Time (seconds)</b></td>
<td><b>Instance</b></td>
</tr>
<tr>
<td title='general.Linking_Transactions.Link_Invoice()'><b>Link_Invoice</b><br>Test class: general.Linking_Transactions</td>
<td><div><pre>java.lang.AssertionError: Expected condition failed: waiting for visibility of element located by By.xpath: //XCUIElementTypeButton[@name=&quot;Save&quot;] (tried for 30 second(s) with 500 milliseconds interval)
	at org.testng.Assert.fail(Assert.java:110)
	at general.Linking_Transactions.Link_Invoice(Linking_Transactions.java:79)
	at java.base/jdk.internal.reflect.DirectMethodHandleAccessor.invoke(DirectMethodHandleAccessor.java:103)
	at java.base/java.lang.reflect.Method.invoke(Method.java:580)
	at org.testng.internal.invokers.MethodInvocationHelper.invokeMethod(MethodInvocationHelper.java:135)
	at org.testng.internal.invokers.TestInvoker.invokeMethod(TestInvoker.java:673)
	at org.testng.internal.invokers.TestInvoker.invokeTestMethod(TestInvoker.java:220)
	at org.testng.internal.invokers.MethodRunner.runInSequence(MethodRunner.java:50)
	at org.testng.internal.invokers.TestInvoker$MethodInvocationAgent.invoke(TestInvoker.java:945)
	at org.testng.internal.invokers.TestInvoker.invokeTestMethods(TestInvoker.java:193)
	at org.testng.internal.invokers.TestMethodWorker.invokeTestMethods(TestMethodWorker.java:146)
	at org.testng.internal.invokers.TestMethodWorker.run(TestMethodWorker.java:128)
	at java.base/java.util.ArrayList.forEach(ArrayList.java:1596)
	at org.testng.TestRunner.privateRun(TestRunner.java:808)
	at org.testng.TestRunner.run(TestRunner.java:603)
	at org.testng.SuiteRunner.runTest(SuiteRunner.java:429)
	at org.testng.SuiteRunner.runSequentially(SuiteRunner.java:423)
	at org.testng.SuiteRunner.privateRun(SuiteRunner.java:383)
	at org.testng.SuiteRunner.run(SuiteRunner.java:326)
	at org.testng.SuiteRunnerWorker.runSuite(SuiteRunnerWorker.java:52)
	at org.testng.SuiteRunnerWorker.run(SuiteRunnerWorker.java:95)
	at org.testng.TestNG.runSuitesSequentially(TestNG.java:1249)
	at org.testng.TestNG.runSuitesLocally(TestNG.java:1169)
	at org.testng.TestNG.runSuites(TestNG.java:1092)
	at org.testng.TestNG.run(TestNG.java:1060)
	at org.apache.maven.surefire.testng.TestNGExecutor.run(TestNGExecutor.java:284)
	at org.apache.maven.surefire.testng.TestNGXmlTestSuite.execute(TestNGXmlTestSuite.java:75)
	at org.apache.maven.surefire.testng.TestNGProvider.invoke(TestNGProvider.java:119)
	at org.apache.maven.surefire.booter.ForkedBooter.runSuitesInProcess(ForkedBooter.java:428)
	at org.apache.maven.surefire.booter.ForkedBooter.execute(ForkedBooter.java:162)
	at org.apache.maven.surefire.booter.ForkedBooter.run(ForkedBooter.java:562)
	at org.apache.maven.surefire.booter.ForkedBooter.main(ForkedBooter.java:548)
</pre></div><a href='#' onClick='toggleBox("stack-trace83721081", this, "Click to show all stack frames", "Click to hide stack frames")'>Click to show all stack frames</a>
<div class='stack-trace' id='stack-trace83721081'><pre>java.lang.AssertionError: Expected condition failed: waiting for visibility of element located by By.xpath: //XCUIElementTypeButton[@name=&quot;Save&quot;] (tried for 30 second(s) with 500 milliseconds interval)
	at org.testng.Assert.fail(Assert.java:110)
	at general.Linking_Transactions.Link_Invoice(Linking_Transactions.java:79)
	at java.base/jdk.internal.reflect.DirectMethodHandleAccessor.invoke(DirectMethodHandleAccessor.java:103)
	at java.base/java.lang.reflect.Method.invoke(Method.java:580)
	at org.testng.internal.invokers.MethodInvocationHelper.invokeMethod(MethodInvocationHelper.java:135)
	at org.testng.internal.invokers.TestInvoker.invokeMethod(TestInvoker.java:673)
	at org.testng.internal.invokers.TestInvoker.invokeTestMethod(TestInvoker.java:220)
	at org.testng.internal.invokers.MethodRunner.runInSequence(MethodRunner.java:50)
	at org.testng.internal.invokers.TestInvoker$MethodInvocationAgent.invoke(TestInvoker.java:945)
	at org.testng.internal.invokers.TestInvoker.invokeTestMethods(TestInvoker.java:193)
	at org.testng.internal.invokers.TestMethodWorker.invokeTestMethods(TestMethodWorker.java:146)
	at org.testng.internal.invokers.TestMethodWorker.run(TestMethodWorker.java:128)
	at java.base/java.util.ArrayList.forEach(ArrayList.java:1596)
	at org.testng.TestRunner.privateRun(TestRunner.java:808)
	at org.testng.TestRunner.run(TestRunner.java:603)
	at org.testng.SuiteRunner.runTest(SuiteRunner.java:429)
	at org.testng.SuiteRunner.runSequentially(SuiteRunner.java:423)
	at org.testng.SuiteRunner.privateRun(SuiteRunner.java:383)
	at org.testng.SuiteRunner.run(SuiteRunner.java:326)
	at org.testng.SuiteRunnerWorker.runSuite(SuiteRunnerWorker.java:52)
	at org.testng.SuiteRunnerWorker.run(SuiteRunnerWorker.java:95)
	at org.testng.TestNG.runSuitesSequentially(TestNG.java:1249)
	at org.testng.TestNG.runSuitesLocally(TestNG.java:1169)
	at org.testng.TestNG.runSuites(TestNG.java:1092)
	at org.testng.TestNG.run(TestNG.java:1060)
	at org.apache.maven.surefire.testng.TestNGExecutor.run(TestNGExecutor.java:284)
	at org.apache.maven.surefire.testng.TestNGXmlTestSuite.execute(TestNGXmlTestSuite.java:75)
	at org.apache.maven.surefire.testng.TestNGProvider.invoke(TestNGProvider.java:119)
	at org.apache.maven.surefire.booter.ForkedBooter.runSuitesInProcess(ForkedBooter.java:428)
	at org.apache.maven.surefire.booter.ForkedBooter.execute(ForkedBooter.java:162)
	at org.apache.maven.surefire.booter.ForkedBooter.run(ForkedBooter.java:562)
	at org.apache.maven.surefire.booter.ForkedBooter.main(ForkedBooter.java:548)
</pre></div></td>
<td>56</td>
<td>general.Linking_Transactions@2160e52a</td></tr>
<tr>
<td title='general.More_Module.Projects()'><b>Projects</b><br>Test class: general.More_Module</td>
<td><div><pre>java.lang.AssertionError: An element could not be located on the page using the given search parameters.
For documentation on this error, please visit: https://www.seleniumhq.org/exceptions/no_such_element.html
Build info: version: &apos;3.141.59&apos;, revision: &apos;e82be7d358&apos;, time: &apos;2018-11-14T08:17:03&apos;
System info: host: &apos;Apples-MBP-2&apos;, ip: &apos;fe80:0:0:0:40f:bbdc:f93b:a90b%en0&apos;, os.name: &apos;Mac OS X&apos;, os.arch: &apos;x86_64&apos;, os.version: &apos;13.6.4&apos;, java.version: &apos;21.0.1&apos;
Driver info: io.appium.java_client.ios.IOSDriver
Capabilities {app: /Users/apple/Library/Develo..., appActivity: com.impossible-research.san..., appPackage: com.impossible-research.san..., autoAcceptAlerts: true, automationName: XCUITest, browserName: , databaseEnabled: false, deviceName: iPhone 15 Pro Max, javascriptEnabled: true, locationContextEnabled: false, networkConnectionEnabled: false, noReset: true, platform: MAC, platformName: iOS, takesScreenshot: true, udid: 2D8F97C4-F4B4-40FA-92EF-36F..., webStorageEnabled: false}
Session ID: 9077707e-99c1-4030-8cb7-8e5aa45e3c48
*** Element info: {Using=xpath, value=//XCUIElementTypeButton[@name=&quot;Save&quot;]}
	at org.testng.Assert.fail(Assert.java:110)
	at general.More_Module.Projects(More_Module.java:419)
	at java.base/jdk.internal.reflect.DirectMethodHandleAccessor.invoke(DirectMethodHandleAccessor.java:103)
	at java.base/java.lang.reflect.Method.invoke(Method.java:580)
	at org.testng.internal.invokers.MethodInvocationHelper.invokeMethod(MethodInvocationHelper.java:135)
	at org.testng.internal.invokers.TestInvoker.invokeMethod(TestInvoker.java:673)
	at org.testng.internal.invokers.TestInvoker.invokeTestMethod(TestInvoker.java:220)
	at org.testng.internal.invokers.MethodRunner.runInSequence(MethodRunner.java:50)
	at org.testng.internal.invokers.TestInvoker$MethodInvocationAgent.invoke(TestInvoker.java:945)
	at org.testng.internal.invokers.TestInvoker.invokeTestMethods(TestInvoker.java:193)
	at org.testng.internal.invokers.TestMethodWorker.invokeTestMethods(TestMethodWorker.java:146)
	at org.testng.internal.invokers.TestMethodWorker.run(TestMethodWorker.java:128)
	at java.base/java.util.ArrayList.forEach(ArrayList.java:1596)
	at org.testng.TestRunner.privateRun(TestRunner.java:808)
	at org.testng.TestRunner.run(TestRunner.java:603)
	at org.testng.SuiteRunner.runTest(SuiteRunner.java:429)
	at org.testng.SuiteRunner.runSequentially(SuiteRunner.java:423)
	at org.testng.SuiteRunner.privateRun(SuiteRunner.java:383)
	at org.testng.SuiteRunner.run(SuiteRunner.java:326)
	at org.testng.SuiteRunnerWorker.runSuite(SuiteRunnerWorker.java:52)
	at org.testng.SuiteRunnerWorker.run(SuiteRunnerWorker.java:95)
	at org.testng.TestNG.runSuitesSequentially(TestNG.java:1249)
	at org.testng.TestNG.runSuitesLocally(TestNG.java:1169)
	at org.testng.TestNG.runSuites(TestNG.java:1092)
	at org.testng.TestNG.run(TestNG.java:1060)
	at org.apache.maven.surefire.testng.TestNGExecutor.run(TestNGExecutor.java:284)
	at org.apache.maven.surefire.testng.TestNGXmlTestSuite.execute(TestNGXmlTestSuite.java:75)
	at org.apache.maven.surefire.testng.TestNGProvider.invoke(TestNGProvider.java:119)
	at org.apache.maven.surefire.booter.ForkedBooter.runSuitesInProcess(ForkedBooter.java:428)
	at org.apache.maven.surefire.booter.ForkedBooter.execute(ForkedBooter.java:162)
	at org.apache.maven.surefire.booter.ForkedBooter.run(ForkedBooter.java:562)
	at org.apache.maven.surefire.booter.ForkedBooter.main(ForkedBooter.java:548)
</pre></div><a href='#' onClick='toggleBox("stack-trace799306600", this, "Click to show all stack frames", "Click to hide stack frames")'>Click to show all stack frames</a>
<div class='stack-trace' id='stack-trace799306600'><pre>java.lang.AssertionError: An element could not be located on the page using the given search parameters.
For documentation on this error, please visit: https://www.seleniumhq.org/exceptions/no_such_element.html
Build info: version: &apos;3.141.59&apos;, revision: &apos;e82be7d358&apos;, time: &apos;2018-11-14T08:17:03&apos;
System info: host: &apos;Apples-MBP-2&apos;, ip: &apos;fe80:0:0:0:40f:bbdc:f93b:a90b%en0&apos;, os.name: &apos;Mac OS X&apos;, os.arch: &apos;x86_64&apos;, os.version: &apos;13.6.4&apos;, java.version: &apos;21.0.1&apos;
Driver info: io.appium.java_client.ios.IOSDriver
Capabilities {app: /Users/apple/Library/Develo..., appActivity: com.impossible-research.san..., appPackage: com.impossible-research.san..., autoAcceptAlerts: true, automationName: XCUITest, browserName: , databaseEnabled: false, deviceName: iPhone 15 Pro Max, javascriptEnabled: true, locationContextEnabled: false, networkConnectionEnabled: false, noReset: true, platform: MAC, platformName: iOS, takesScreenshot: true, udid: 2D8F97C4-F4B4-40FA-92EF-36F..., webStorageEnabled: false}
Session ID: 9077707e-99c1-4030-8cb7-8e5aa45e3c48
*** Element info: {Using=xpath, value=//XCUIElementTypeButton[@name=&quot;Save&quot;]}
	at org.testng.Assert.fail(Assert.java:110)
	at general.More_Module.Projects(More_Module.java:419)
	at java.base/jdk.internal.reflect.DirectMethodHandleAccessor.invoke(DirectMethodHandleAccessor.java:103)
	at java.base/java.lang.reflect.Method.invoke(Method.java:580)
	at org.testng.internal.invokers.MethodInvocationHelper.invokeMethod(MethodInvocationHelper.java:135)
	at org.testng.internal.invokers.TestInvoker.invokeMethod(TestInvoker.java:673)
	at org.testng.internal.invokers.TestInvoker.invokeTestMethod(TestInvoker.java:220)
	at org.testng.internal.invokers.MethodRunner.runInSequence(MethodRunner.java:50)
	at org.testng.internal.invokers.TestInvoker$MethodInvocationAgent.invoke(TestInvoker.java:945)
	at org.testng.internal.invokers.TestInvoker.invokeTestMethods(TestInvoker.java:193)
	at org.testng.internal.invokers.TestMethodWorker.invokeTestMethods(TestMethodWorker.java:146)
	at org.testng.internal.invokers.TestMethodWorker.run(TestMethodWorker.java:128)
	at java.base/java.util.ArrayList.forEach(ArrayList.java:1596)
	at org.testng.TestRunner.privateRun(TestRunner.java:808)
	at org.testng.TestRunner.run(TestRunner.java:603)
	at org.testng.SuiteRunner.runTest(SuiteRunner.java:429)
	at org.testng.SuiteRunner.runSequentially(SuiteRunner.java:423)
	at org.testng.SuiteRunner.privateRun(SuiteRunner.java:383)
	at org.testng.SuiteRunner.run(SuiteRunner.java:326)
	at org.testng.SuiteRunnerWorker.runSuite(SuiteRunnerWorker.java:52)
	at org.testng.SuiteRunnerWorker.run(SuiteRunnerWorker.java:95)
	at org.testng.TestNG.runSuitesSequentially(TestNG.java:1249)
	at org.testng.TestNG.runSuitesLocally(TestNG.java:1169)
	at org.testng.TestNG.runSuites(TestNG.java:1092)
	at org.testng.TestNG.run(TestNG.java:1060)
	at org.apache.maven.surefire.testng.TestNGExecutor.run(TestNGExecutor.java:284)
	at org.apache.maven.surefire.testng.TestNGXmlTestSuite.execute(TestNGXmlTestSuite.java:75)
	at org.apache.maven.surefire.testng.TestNGProvider.invoke(TestNGProvider.java:119)
	at org.apache.maven.surefire.booter.ForkedBooter.runSuitesInProcess(ForkedBooter.java:428)
	at org.apache.maven.surefire.booter.ForkedBooter.execute(ForkedBooter.java:162)
	at org.apache.maven.surefire.booter.ForkedBooter.run(ForkedBooter.java:562)
	at org.apache.maven.surefire.booter.ForkedBooter.main(ForkedBooter.java:548)
</pre></div></td>
<td>62</td>
<td>general.More_Module@60f2e0bd</td></tr>
</table><p>
<table width='100%' border='1' class='invocation-passed'>
<tr><td colspan='4' align='center'><b>PASSED TESTS</b></td></tr>
<tr><td><b>Test method</b></td>
<td width="30%"><b>Exception</b></td>
<td width="10%"><b>Time (seconds)</b></td>
<td><b>Instance</b></td>
</tr>
<tr>
<td title='general.Linking_Transactions.Notes_Add()'><b>Notes_Add</b><br>Test class: general.Linking_Transactions</td>
<td></td>
<td>45</td>
<td>general.Linking_Transactions@2160e52a</td></tr>
<tr>
<td title='general.More_Module.Supplier()'><b>Supplier</b><br>Test class: general.More_Module</td>
<td></td>
<td>58</td>
<td>general.More_Module@60f2e0bd</td></tr>
<tr>
<td title='general.Add_Location.Update_location()'><b>Update_location</b><br>Test class: general.Add_Location</td>
<td></td>
<td>39</td>
<td>general.Add_Location@5a101b1c</td></tr>
<tr>
<td title='general.More_Module.Expense_category()'><b>Expense_category</b><br>Test class: general.More_Module</td>
<td></td>
<td>38</td>
<td>general.More_Module@60f2e0bd</td></tr>
<tr>
<td title='general.Setting_Preference.Preference()'><b>Preference</b><br>Test class: general.Setting_Preference</td>
<td></td>
<td>25</td>
<td>general.Setting_Preference@29f0802c</td></tr>
<tr>
<td title='general.Setting_Yacht.Sync_data()'><b>Sync_data</b><br>Test class: general.Setting_Yacht</td>
<td></td>
<td>21</td>
<td>general.Setting_Yacht@3a60c416</td></tr>
<tr>
<td title='general.Setting_Preference.Update_mydetails()'><b>Update_mydetails</b><br>Test class: general.Setting_Preference</td>
<td></td>
<td>31</td>
<td>general.Setting_Preference@29f0802c</td></tr>
<tr>
<td title='general.More_Module.Reports()'><b>Reports</b><br>Test class: general.More_Module</td>
<td></td>
<td>85</td>
<td>general.More_Module@60f2e0bd</td></tr>
<tr>
<td title='general.Linking_Transactions.Link_Expense_Categories()'><b>Link_Expense_Categories</b><br>Test class: general.Linking_Transactions</td>
<td></td>
<td>37</td>
<td>general.Linking_Transactions@2160e52a</td></tr>
<tr>
<td title='general.More_Module.Purchase_Orders()'><b>Purchase_Orders</b><br>Test class: general.More_Module</td>
<td></td>
<td>36</td>
<td>general.More_Module@60f2e0bd</td></tr>
<tr>
<td title='general.More_Module.Quotes()'><b>Quotes</b><br>Test class: general.More_Module</td>
<td></td>
<td>38</td>
<td>general.More_Module@60f2e0bd</td></tr>
<tr>
<td title='general.More_Module.Invoices()'><b>Invoices</b><br>Test class: general.More_Module</td>
<td></td>
<td>38</td>
<td>general.More_Module@60f2e0bd</td></tr>
<tr>
<td title='general.Invite_Crew.sent_invite()'><b>sent_invite</b><br>Test class: general.Invite_Crew</td>
<td></td>
<td>51</td>
<td>general.Invite_Crew@389562d6</td></tr>
</table><p>
</body>
</html>